<?xml version="1.0" encoding="UTF-8"?>
<testsuite name="TestSuite" time="13.377" tests="2" errors="0" skipped="0" failures="2">
  <properties>
[...]
</properties>
  <testcase name="logintest" classname="com.inetBankingv1.testCases.TC_LoginTest_001" time="7.945">
    <failure message="expected [true] but found [false]" type="java.lang.AssertionError">java.lang.AssertionError: expected [true] but found [false]
	at org.testng.Assert.fail(Assert.java:99)
	at org.testng.Assert.failNotEquals(Assert.java:1037)
	at org.testng.Assert.assertTrue(Assert.java:45)
	at org.testng.Assert.assertTrue(Assert.java:55)
	at com.inetBankingv1.testCases.TC_LoginTest_001.logintest(TC_LoginTest_001.java:36)
</failure>
    <system-out><![CDATA[Url was launched
entered username
entered password
clicked login button
login failed -invalid user alert is present
]]></system-out>
    <system-err><![CDATA[SLF4J: Failed to load class "org.slf4j.impl.StaticLoggerBinder".
SLF4J: Defaulting to no-operation (NOP) logger implementation
SLF4J: See http://www.slf4j.org/codes.html#StaticLoggerBinder for further details.
log4j:WARN No appenders could be found for logger (io.netty.util.internal.logging.InternalLoggerFactory).
log4j:WARN Please initialize the log4j system properly.
log4j:WARN See http://logging.apache.org/log4j/1.2/faq.html#noconfig for more info.
Starting ChromeDriver 89.0.4389.23 (61b08ee2c50024bab004e48d2b1b083cdbdac579-refs/branch-heads/4389@{#294}) on port 36851
Only local connections are allowed.
Please see https://chromedriver.chromium.org/security-considerations for suggestions on keeping ChromeDriver safe.
ChromeDriver was started successfully.
[1622109303.885][WARNING]: This version of ChromeDriver has not been tested with Chrome version 90.
May 27, 2021 3:25:04 PM org.openqa.selenium.remote.ProtocolHandshake createSession
INFO: Detected dialect: W3C
May 27, 2021 3:25:04 PM org.openqa.selenium.devtools.CdpVersionFinder findNearestMatch
INFO: Found exact CDP implementation for version 90
log4j:WARN No such property [conversationPattern] in org.apache.log4j.PatternLayout.
log4j:WARN No such property [conversationPattern] in org.apache.log4j.PatternLayout.
]]></system-err>
  </testcase>
  <testcase name="addNewCustomer" classname="com.inetBankingv1.testCases.TC_AddCustomerTest_002" time="5.432">
    <failure type="junit.framework.AssertionFailedError:">junit.framework.AssertionFailedError: null
	at junit.framework.Assert.fail(Assert.java:47)
	at junit.framework.Assert.assertTrue(Assert.java:20)
	at junit.framework.Assert.assertTrue(Assert.java:27)
	at com.inetBankingv1.testCases.TC_AddCustomerTest_002.addNewCustomer(TC_AddCustomerTest_002.java:38)
</failure>
    <system-out><![CDATA[Url was launched
entered username
entered password
clicked login button
login failed -invalid user alert is present
]]></system-out>
  </testcase>
</testsuite>